# JRE version: Java(TM) SE Runtime Environment (8.0_77-b03) (build 1.8.0_77-b03)
# Java VM: Java HotSpot(TM) 64-Bit Server VM (25.77-b03 mixed mode bsd-amd64 compressed oops)
Heap:
 PSYoungGen      total 263168K, used 38100K [0x00000007aab00000, 0x00000007c0000000, 0x00000007c0000000)
  eden space 210944K, 0% used [0x00000007aab00000,0x00000007aab00000,0x00000007b7900000)
  from space 52224K, 72% used [0x00000007bcd00000,0x00000007bf235040,0x00000007c0000000)
  to   space 69120K, 0% used [0x00000007b7900000,0x00000007b7900000,0x00000007bbc80000)
 ParOldGen       total 160768K, used 153984K [0x0000000780000000, 0x0000000789d00000, 0x00000007aab00000)
  object space 160768K, 95% used [0x0000000780000000,0x00000007896603a0,0x0000000789d00000)
 Metaspace       used 5928K, capacity 7152K, committed 7296K, reserved 1056768K
  class space    used 563K, capacity 616K, committed 640K, reserved 1048576K
GC Heap History (10 events):
Event: 9.534 GC heap after
Heap after GC invocations=9 (full 0):
 PSYoungGen      total 291840K, used 32757K [0x00000007aab00000, 0x00000007c0000000, 0x00000007c0000000)
  eden space 259072K, 0% used [0x00000007aab00000,0x00000007aab00000,0x00000007ba800000)
  from space 32768K, 99% used [0x00000007ba800000,0x00000007bc7fd638,0x00000007bc800000)
  to   space 46592K, 0% used [0x00000007bd280000,0x00000007bd280000,0x00000007c0000000)
 ParOldGen       total 87552K, used 72901K [0x0000000780000000, 0x0000000785580000, 0x00000007aab00000)
  object space 87552K, 83% used [0x0000000780000000,0x0000000784731548,0x0000000785580000)
 Metaspace       used 5761K, capacity 7088K, committed 7296K, reserved 1056768K
  class space    used 542K, capacity 616K, committed 640K, reserved 1048576K
}
Event: 9.534 GC heap before
{Heap before GC invocations=10 (full 1):
 PSYoungGen      total 291840K, used 32757K [0x00000007aab00000, 0x00000007c0000000, 0x00000007c0000000)
  eden space 259072K, 0% used [0x00000007aab00000,0x00000007aab00000,0x00000007ba800000)
  from space 32768K, 99% used [0x00000007ba800000,0x00000007bc7fd638,0x00000007bc800000)
  to   space 46592K, 0% used [0x00000007bd280000,0x00000007bd280000,0x00000007c0000000)
 ParOldGen       total 87552K, used 72901K [0x0000000780000000, 0x0000000785580000, 0x00000007aab00000)
  object space 87552K, 83% used [0x0000000780000000,0x0000000784731548,0x0000000785580000)
 Metaspace       used 5761K, capacity 7088K, committed 7296K, reserved 1056768K
  class space    used 542K, capacity 616K, committed 640K, reserved 1048576K
Event: 10.283 GC heap after
Heap after GC invocations=10 (full 1):
 PSYoungGen      total 291840K, used 7647K [0x00000007aab00000, 0x00000007c0000000, 0x00000007c0000000)
  eden space 259072K, 0% used [0x00000007aab00000,0x00000007aab00000,0x00000007ba800000)
  from space 32768K, 23% used [0x00000007ba800000,0x00000007baf77d58,0x00000007bc800000)
  to   space 46592K, 0% used [0x00000007bd280000,0x00000007bd280000,0x00000007c0000000)
 ParOldGen       total 160768K, used 87424K [0x0000000780000000, 0x0000000789d00000, 0x00000007aab00000)
  object space 160768K, 54% used [0x0000000780000000,0x00000007855600a0,0x0000000789d00000)
 Metaspace       used 5761K, capacity 7088K, committed 7296K, reserved 1056768K
  class space    used 542K, capacity 616K, committed 640K, reserved 1048576K
}
Event: 12.126 GC heap before
{Heap before GC invocations=11 (full 1):
 PSYoungGen      total 291840K, used 266719K [0x00000007aab00000, 0x00000007c0000000, 0x00000007c0000000)
  eden space 259072K, 100% used [0x00000007aab00000,0x00000007ba800000,0x00000007ba800000)
  from space 32768K, 23% used [0x00000007ba800000,0x00000007baf77d58,0x00000007bc800000)
  to   space 46592K, 0% used [0x00000007bd280000,0x00000007bd280000,0x00000007c0000000)
 ParOldGen       total 160768K, used 87424K [0x0000000780000000, 0x0000000789d00000, 0x00000007aab00000)
  object space 160768K, 54% used [0x0000000780000000,0x00000007855600a0,0x0000000789d00000)
 Metaspace       used 5785K, capacity 7088K, committed 7296K, reserved 1056768K
  class space    used 544K, capacity 616K, committed 640K, reserved 1048576K
Event: 12.226 GC heap after
Heap after GC invocations=11 (full 1):
 PSYoungGen      total 291328K, used 42559K [0x00000007aab00000, 0x00000007c0000000, 0x00000007c0000000)
  eden space 244736K, 0% used [0x00000007aab00000,0x00000007aab00000,0x00000007b9a00000)
  from space 46592K, 91% used [0x00000007bd280000,0x00000007bfc0ff30,0x00000007c0000000)
  to   space 52224K, 0% used [0x00000007b9a00000,0x00000007b9a00000,0x00000007bcd00000)
 ParOldGen       total 160768K, used 87632K [0x0000000780000000, 0x0000000789d00000, 0x00000007aab00000)
  object space 160768K, 54% used [0x0000000780000000,0x00000007855940a0,0x0000000789d00000)
 Metaspace       used 5785K, capacity 7088K, committed 7296K, reserved 1056768K
  class space    used 544K, capacity 616K, committed 640K, reserved 1048576K
}
Event: 13.614 GC heap before
{Heap before GC invocations=12 (full 1):
 PSYoungGen      total 291328K, used 287295K [0x00000007aab00000, 0x00000007c0000000, 0x00000007c0000000)
  eden space 244736K, 100% used [0x00000007aab00000,0x00000007b9a00000,0x00000007b9a00000)
  from space 46592K, 91% used [0x00000007bd280000,0x00000007bfc0ff30,0x00000007c0000000)
  to   space 52224K, 0% used [0x00000007b9a00000,0x00000007b9a00000,0x00000007bcd00000)
 ParOldGen       total 160768K, used 87632K [0x0000000780000000, 0x0000000789d00000, 0x00000007aab00000)
  object space 160768K, 54% used [0x0000000780000000,0x00000007855940a0,0x0000000789d00000)
 Metaspace       used 5920K, capacity 7152K, committed 7296K, reserved 1056768K
  class space    used 562K, capacity 616K, committed 640K, reserved 1048576K
Event: 13.727 GC heap after
Heap after GC invocations=12 (full 1):
 PSYoungGen      total 296960K, used 52216K [0x00000007aab00000, 0x00000007c0000000, 0x00000007c0000000)
  eden space 244736K, 0% used [0x00000007aab00000,0x00000007aab00000,0x00000007b9a00000)
  from space 52224K, 99% used [0x00000007b9a00000,0x00000007bccfe0b0,0x00000007bcd00000)
  to   space 52224K, 0% used [0x00000007bcd00000,0x00000007bcd00000,0x00000007c0000000)
 ParOldGen       total 160768K, used 112795K [0x0000000780000000, 0x0000000789d00000, 0x00000007aab00000)
  object space 160768K, 70% used [0x0000000780000000,0x0000000786e26d38,0x0000000789d00000)
 Metaspace       used 5920K, capacity 7152K, committed 7296K, reserved 1056768K
  class space    used 562K, capacity 616K, committed 640K, reserved 1048576K
}
Event: 15.064 GC heap before
{Heap before GC invocations=13 (full 1):
 PSYoungGen      total 296960K, used 296952K [0x00000007aab00000, 0x00000007c0000000, 0x00000007c0000000)
  eden space 244736K, 100% used [0x00000007aab00000,0x00000007b9a00000,0x00000007b9a00000)
  from space 52224K, 99% used [0x00000007b9a00000,0x00000007bccfe0b0,0x00000007bcd00000)
  to   space 52224K, 0% used [0x00000007bcd00000,0x00000007bcd00000,0x00000007c0000000)
 ParOldGen       total 160768K, used 112795K [0x0000000780000000, 0x0000000789d00000, 0x00000007aab00000)
  object space 160768K, 70% used [0x0000000780000000,0x0000000786e26d38,0x0000000789d00000)
 Metaspace       used 5928K, capacity 7152K, committed 7296K, reserved 1056768K
  class space    used 563K, capacity 616K, committed 640K, reserved 1048576K
Event: 15.199 GC heap after
Heap after GC invocations=13 (full 1):
 PSYoungGen      total 263168K, used 38100K [0x00000007aab00000, 0x00000007c0000000, 0x00000007c0000000)
  eden space 210944K, 0% used [0x00000007aab00000,0x00000007aab00000,0x00000007b7900000)
  from space 52224K, 72% used [0x00000007bcd00000,0x00000007bf235040,0x00000007c0000000)
  to   space 69120K, 0% used [0x00000007b7900000,0x00000007b7900000,0x00000007bbc80000)
 ParOldGen       total 160768K, used 153984K [0x0000000780000000, 0x0000000789d00000, 0x00000007aab00000)
  object space 160768K, 95% used [0x0000000780000000,0x00000007896603a0,0x0000000789d00000)
 Metaspace       used 5928K, capacity 7152K, committed 7296K, reserved 1056768K
  class space    used 563K, capacity 616K, committed 640K, reserved 1048576K
}
Event: 15.199 GC heap before
{Heap before GC invocations=14 (full 2):
 PSYoungGen      total 263168K, used 38100K [0x00000007aab00000, 0x00000007c0000000, 0x00000007c0000000)
  eden space 210944K, 0% used [0x00000007aab00000,0x00000007aab00000,0x00000007b7900000)
  from space 52224K, 72% used [0x00000007bcd00000,0x00000007bf235040,0x00000007c0000000)
  to   space 69120K, 0% used [0x00000007b7900000,0x00000007b7900000,0x00000007bbc80000)
 ParOldGen       total 160768K, used 153984K [0x0000000780000000, 0x0000000789d00000, 0x00000007aab00000)
  object space 160768K, 95% used [0x0000000780000000,0x00000007896603a0,0x0000000789d00000)
 Metaspace       used 5928K, capacity 7152K, committed 7296K, reserved 1056768K
  class space    used 563K, capacity 616K, committed 640K, reserved 1048576K

