# JRE version: Java(TM) SE Runtime Environment (8.0_77-b03) (build 1.8.0_77-b03)
# Java VM: Java HotSpot(TM) 64-Bit Server VM (25.77-b03 mixed mode bsd-amd64 compressed oops)
Heap:
 PSYoungGen      total 232960K, used 33665K [0x00000007aab00000, 0x00000007c0000000, 0x00000007c0000000)
  eden space 116736K, 0% used [0x00000007aab00000,0x00000007aab00000,0x00000007b1d00000)
  from space 116224K, 28% used [0x00000007b8e80000,0x00000007baf607e0,0x00000007c0000000)
  to   space 116224K, 0% used [0x00000007b1d00000,0x00000007b1d00000,0x00000007b8e80000)
 ParOldGen       total 410624K, used 391565K [0x0000000780000000, 0x0000000799100000, 0x00000007aab00000)
  object space 410624K, 95% used [0x0000000780000000,0x0000000797e63618,0x0000000799100000)
 Metaspace       used 6298K, capacity 7216K, committed 7296K, reserved 1056768K
  class space    used 600K, capacity 616K, committed 640K, reserved 1048576K
GC Heap History (10 events):
Event: 29.986 GC heap after
Heap after GC invocations=27 (full 3):
 PSYoungGen      total 232960K, used 90536K [0x00000007aab00000, 0x00000007c0000000, 0x00000007c0000000)
  eden space 116736K, 0% used [0x00000007aab00000,0x00000007aab00000,0x00000007b1d00000)
  from space 116224K, 77% used [0x00000007b8e80000,0x00000007be6ea120,0x00000007c0000000)
  to   space 116224K, 0% used [0x00000007b1d00000,0x00000007b1d00000,0x00000007b8e80000)
 ParOldGen       total 410624K, used 286668K [0x0000000780000000, 0x0000000799100000, 0x00000007aab00000)
  object space 410624K, 69% used [0x0000000780000000,0x00000007917f3340,0x0000000799100000)
 Metaspace       used 6290K, capacity 7216K, committed 7296K, reserved 1056768K
  class space    used 600K, capacity 616K, committed 640K, reserved 1048576K
}
Event: 30.526 GC heap before
{Heap before GC invocations=28 (full 3):
 PSYoungGen      total 232960K, used 207272K [0x00000007aab00000, 0x00000007c0000000, 0x00000007c0000000)
  eden space 116736K, 100% used [0x00000007aab00000,0x00000007b1d00000,0x00000007b1d00000)
  from space 116224K, 77% used [0x00000007b8e80000,0x00000007be6ea120,0x00000007c0000000)
  to   space 116224K, 0% used [0x00000007b1d00000,0x00000007b1d00000,0x00000007b8e80000)
 ParOldGen       total 410624K, used 286668K [0x0000000780000000, 0x0000000799100000, 0x00000007aab00000)
  object space 410624K, 69% used [0x0000000780000000,0x00000007917f3340,0x0000000799100000)
 Metaspace       used 6291K, capacity 7216K, committed 7296K, reserved 1056768K
  class space    used 600K, capacity 616K, committed 640K, reserved 1048576K
Event: 30.708 GC heap after
Heap after GC invocations=28 (full 3):
 PSYoungGen      total 232960K, used 65095K [0x00000007aab00000, 0x00000007c0000000, 0x00000007c0000000)
  eden space 116736K, 0% used [0x00000007aab00000,0x00000007aab00000,0x00000007b1d00000)
  from space 116224K, 56% used [0x00000007b1d00000,0x00000007b5c91f98,0x00000007b8e80000)
  to   space 116224K, 0% used [0x00000007b8e80000,0x00000007b8e80000,0x00000007c0000000)
 ParOldGen       total 410624K, used 315382K [0x0000000780000000, 0x0000000799100000, 0x00000007aab00000)
  object space 410624K, 76% used [0x0000000780000000,0x00000007933fd9d8,0x0000000799100000)
 Metaspace       used 6291K, capacity 7216K, committed 7296K, reserved 1056768K
  class space    used 600K, capacity 616K, committed 640K, reserved 1048576K
}
Event: 31.149 GC heap before
{Heap before GC invocations=29 (full 3):
 PSYoungGen      total 232960K, used 181831K [0x00000007aab00000, 0x00000007c0000000, 0x00000007c0000000)
  eden space 116736K, 100% used [0x00000007aab00000,0x00000007b1d00000,0x00000007b1d00000)
  from space 116224K, 56% used [0x00000007b1d00000,0x00000007b5c91f98,0x00000007b8e80000)
  to   space 116224K, 0% used [0x00000007b8e80000,0x00000007b8e80000,0x00000007c0000000)
 ParOldGen       total 410624K, used 315382K [0x0000000780000000, 0x0000000799100000, 0x00000007aab00000)
  object space 410624K, 76% used [0x0000000780000000,0x00000007933fd9d8,0x0000000799100000)
 Metaspace       used 6297K, capacity 7216K, committed 7296K, reserved 1056768K
  class space    used 600K, capacity 616K, committed 640K, reserved 1048576K
Event: 31.318 GC heap after
Heap after GC invocations=29 (full 3):
 PSYoungGen      total 232960K, used 58598K [0x00000007aab00000, 0x00000007c0000000, 0x00000007c0000000)
  eden space 116736K, 0% used [0x00000007aab00000,0x00000007aab00000,0x00000007b1d00000)
  from space 116224K, 50% used [0x00000007b8e80000,0x00000007bc7b9a10,0x00000007c0000000)
  to   space 116224K, 0% used [0x00000007b1d00000,0x00000007b1d00000,0x00000007b8e80000)
 ParOldGen       total 410624K, used 340951K [0x0000000780000000, 0x0000000799100000, 0x00000007aab00000)
  object space 410624K, 83% used [0x0000000780000000,0x0000000794cf5da0,0x0000000799100000)
 Metaspace       used 6297K, capacity 7216K, committed 7296K, reserved 1056768K
  class space    used 600K, capacity 616K, committed 640K, reserved 1048576K
}
Event: 31.691 GC heap before
{Heap before GC invocations=30 (full 3):
 PSYoungGen      total 232960K, used 175334K [0x00000007aab00000, 0x00000007c0000000, 0x00000007c0000000)
  eden space 116736K, 100% used [0x00000007aab00000,0x00000007b1d00000,0x00000007b1d00000)
  from space 116224K, 50% used [0x00000007b8e80000,0x00000007bc7b9a10,0x00000007c0000000)
  to   space 116224K, 0% used [0x00000007b1d00000,0x00000007b1d00000,0x00000007b8e80000)
 ParOldGen       total 410624K, used 340951K [0x0000000780000000, 0x0000000799100000, 0x00000007aab00000)
  object space 410624K, 83% used [0x0000000780000000,0x0000000794cf5da0,0x0000000799100000)
 Metaspace       used 6297K, capacity 7216K, committed 7296K, reserved 1056768K
  class space    used 600K, capacity 616K, committed 640K, reserved 1048576K
Event: 31.836 GC heap after
Heap after GC invocations=30 (full 3):
 PSYoungGen      total 232960K, used 45635K [0x00000007aab00000, 0x00000007c0000000, 0x00000007c0000000)
  eden space 116736K, 0% used [0x00000007aab00000,0x00000007aab00000,0x00000007b1d00000)
  from space 116224K, 39% used [0x00000007b1d00000,0x00000007b4990fe0,0x00000007b8e80000)
  to   space 116224K, 0% used [0x00000007b8e80000,0x00000007b8e80000,0x00000007c0000000)
 ParOldGen       total 410624K, used 362300K [0x0000000780000000, 0x0000000799100000, 0x00000007aab00000)
  object space 410624K, 88% used [0x0000000780000000,0x00000007961cf050,0x0000000799100000)
 Metaspace       used 6297K, capacity 7216K, committed 7296K, reserved 1056768K
  class space    used 600K, capacity 616K, committed 640K, reserved 1048576K
}
Event: 32.202 GC heap before
{Heap before GC invocations=31 (full 3):
 PSYoungGen      total 232960K, used 162371K [0x00000007aab00000, 0x00000007c0000000, 0x00000007c0000000)
  eden space 116736K, 100% used [0x00000007aab00000,0x00000007b1d00000,0x00000007b1d00000)
  from space 116224K, 39% used [0x00000007b1d00000,0x00000007b4990fe0,0x00000007b8e80000)
  to   space 116224K, 0% used [0x00000007b8e80000,0x00000007b8e80000,0x00000007c0000000)
 ParOldGen       total 410624K, used 362300K [0x0000000780000000, 0x0000000799100000, 0x00000007aab00000)
  object space 410624K, 88% used [0x0000000780000000,0x00000007961cf050,0x0000000799100000)
 Metaspace       used 6298K, capacity 7216K, committed 7296K, reserved 1056768K
  class space    used 600K, capacity 616K, committed 640K, reserved 1048576K
Event: 32.352 GC heap after
Heap after GC invocations=31 (full 3):
 PSYoungGen      total 232960K, used 33665K [0x00000007aab00000, 0x00000007c0000000, 0x00000007c0000000)
  eden space 116736K, 0% used [0x00000007aab00000,0x00000007aab00000,0x00000007b1d00000)
  from space 116224K, 28% used [0x00000007b8e80000,0x00000007baf607e0,0x00000007c0000000)
  to   space 116224K, 0% used [0x00000007b1d00000,0x00000007b1d00000,0x00000007b8e80000)
 ParOldGen       total 410624K, used 391565K [0x0000000780000000, 0x0000000799100000, 0x00000007aab00000)
  object space 410624K, 95% used [0x0000000780000000,0x0000000797e63618,0x0000000799100000)
 Metaspace       used 6298K, capacity 7216K, committed 7296K, reserved 1056768K
  class space    used 600K, capacity 616K, committed 640K, reserved 1048576K
}
Event: 32.352 GC heap before
{Heap before GC invocations=32 (full 4):
 PSYoungGen      total 232960K, used 33665K [0x00000007aab00000, 0x00000007c0000000, 0x00000007c0000000)
  eden space 116736K, 0% used [0x00000007aab00000,0x00000007aab00000,0x00000007b1d00000)
  from space 116224K, 28% used [0x00000007b8e80000,0x00000007baf607e0,0x00000007c0000000)
  to   space 116224K, 0% used [0x00000007b1d00000,0x00000007b1d00000,0x00000007b8e80000)
 ParOldGen       total 410624K, used 391565K [0x0000000780000000, 0x0000000799100000, 0x00000007aab00000)
  object space 410624K, 95% used [0x0000000780000000,0x0000000797e63618,0x0000000799100000)
 Metaspace       used 6298K, capacity 7216K, committed 7296K, reserved 1056768K
  class space    used 600K, capacity 616K, committed 640K, reserved 1048576K

